
Using parameters from /home/garmstrong/github/medbio-challenge/src/scwrl//Scwrl4.ini

<Timing tag = "Loading_PDB_file"  duration = "0.000" />

Using rotamer library: /home/garmstrong/github/medbio-challenge/src/scwrl/bbDepRotLib.bin

<Timing tag = "Adding_residues"  duration = "0.000" />

Sequence file has been loaded
---------------
"SFPEEVLEHVFSFIQLDKDRNSVSLVCKSWYEIERWCR"
---------------

<Timing tag = "Building_Atoms_Sets"  duration = "0.000" />

<Timing tag = "Building_Flexible_Subrotamers"  duration = "0.000" />

<Timing tag = "Computing_Symmetry_Operators"  duration = "0.000" />

<Timing tag = "Updating_Self_Energies"  duration = "0.010" />

<Timing tag = "Computing_Active_Rotamers"  duration = "0.000" />

<Timing tag = "Resolving_Disulfide_Bonds"  duration = "0.000" />


Total number of subrotamer interactions = 586792

<Timing tag = "Updating_Pairwise_Energies"  duration = "0.290" />

<Timing tag = "Normalizing_Atoms_Sets"  duration = "0.000" />

<Timing tag = "Computing_Interaction_Graph"  duration = "0.300" />
 

<Timing tag = "Building_Atoms_Sets"  duration = "0.000" />

<Timing tag = "Building_Flexible_Subrotamers"  duration = "0.000" />

<Timing tag = "Computing_Symmetry_Operators"  duration = "0.000" />

<Timing tag = "Updating_Self_Energies"  duration = "0.000" />

<Timing tag = "Computing_Active_Rotamers"  duration = "0.000" />

<Timing tag = "Resolving_Disulfide_Bonds"  duration = "0.000" />


Total number of subrotamer interactions = 0

<Timing tag = "Updating_Pairwise_Energies"  duration = "0.000" />

<Timing tag = "Normalizing_Atoms_Sets"  duration = "0.000" />


Running Goldstein's DEE (version G)
:::::::::::::::::::::::::::::::::::

Initial number of residues - 36
Initial number of rotamers - 494

	88 redundant edges eliminated

	Isolated residues removed - 1 

round 1:
	8 redundant edges eliminated

	Isolated residues removed - 20 
	Rotamers eliminated  -  405

round 2:
	3 redundant edges eliminated

	Isolated residues removed - 2 
	Rotamers eliminated  -  30

round 3:
	2 redundant edges eliminated

	Isolated residues removed - 1 
	Rotamers eliminated  -  13

round 4:
	0 redundant edges eliminated

	Isolated residues removed - 0 
	Rotamers eliminated  -  0
Energy accumulated during DEE = 46.4824
<Timing tag = "DEE"  duration = "0.000" />

Searching for clusters... 2 clusters found

Processing cluster of 9 vertices

Redundant nodes eliminated : 3
Tree-decomposition has been built. Width+1 = 3

Total combinations to search = 5.42e+2
   5        :   ->   32  19  35  10
   4(   5 ) :   32  19  10  ->   36
   3(   4 ) :   32  10  ->   28
   2(   5 ) :   35  ->    8
   1(   4 ) :   19  ->   14
   0(   4 ) :   36  ->   16

ArtPts =  0	MaxDegree =  4	MaxBag =  3	AvgBag = 2.83333

===============================
Launching bottom-to-top process
Combinations:
	in intersections -  96
	in exclusions   -  133.2
	total to search  - 4e+02

Maximal size of a key is 70 elements

Processing nodes .....
<Timing tag = "Bottom_To_Top"  duration = "0.000" />

<Trace tag = "Deciding_on_the_root_node" >

Number of combinations = 1.4e+2
<Timing tag = "Deciding_on_the_root_node"  duration = "0.000" />
</Trace>
<Trace tag = "Top_To_Bottom" >

<Timing tag = "Top_To_Bottom"  duration = "0.000" />
</Trace>
Energy of this cluster = 37.6565


Processing cluster of 3 vertices

Redundant nodes eliminated : 1
Tree-decomposition has been built. Width+1 = 1

Total combinations to search = 1.5e+1
   1        :   ->   33  30
   0(   1 ) :   33  ->   29

ArtPts =  0	MaxDegree =  1	MaxBag =  1	AvgBag = 2

===============================
Launching bottom-to-top process
Combinations:
	in intersections -   3
	in exclusions   -  23.2
	total to search  -   6

Maximal size of a key is 3 elements

Processing nodes .
<Timing tag = "Bottom_To_Top"  duration = "0.000" />

<Trace tag = "Deciding_on_the_root_node" >

Number of combinations = 9
<Timing tag = "Deciding_on_the_root_node"  duration = "0.000" />
</Trace>
<Trace tag = "Top_To_Bottom" >

<Timing tag = "Top_To_Bottom"  duration = "0.000" />
</Trace>
Energy of this cluster = 9.88809


Total minimal energy of the graph = 94.027

<Timing tag = "Combinatorial_Search"  duration = "0.000" />

<Timing tag = "Deriving_Optimum"  duration = "0.010" />

<Timing tag = "Saving_to_PDB_file"  duration = "0.000" />


Deleting workspace.

<Timing tag = "Scwrl4_Execution"  duration = "0.320" />

