
Using parameters from /home/garmstrong/github/medbio-challenge/src/scwrl//Scwrl4.ini

<Timing tag = "Loading_PDB_file"  duration = "0.000" />

Using rotamer library: /home/garmstrong/github/medbio-challenge/src/scwrl/bbDepRotLib.bin

<Timing tag = "Adding_residues"  duration = "0.000" />

Sequence file has been loaded
---------------
"QFASKAEEKNYYERQASLAEFLTWYHQQELPEY"
---------------

<Timing tag = "Building_Atoms_Sets"  duration = "0.000" />

<Timing tag = "Building_Flexible_Subrotamers"  duration = "0.000" />

<Timing tag = "Computing_Symmetry_Operators"  duration = "0.000" />

<Timing tag = "Updating_Self_Energies"  duration = "0.020" />

<Timing tag = "Computing_Active_Rotamers"  duration = "0.000" />

<Timing tag = "Resolving_Disulfide_Bonds"  duration = "0.000" />


Total number of subrotamer interactions = 770789

<Timing tag = "Updating_Pairwise_Energies"  duration = "0.340" />

<Timing tag = "Normalizing_Atoms_Sets"  duration = "0.000" />

<Timing tag = "Computing_Interaction_Graph"  duration = "0.360" />
 

<Timing tag = "Building_Atoms_Sets"  duration = "0.000" />

<Timing tag = "Building_Flexible_Subrotamers"  duration = "0.000" />

<Timing tag = "Computing_Symmetry_Operators"  duration = "0.000" />

<Timing tag = "Updating_Self_Energies"  duration = "0.000" />

<Timing tag = "Computing_Active_Rotamers"  duration = "0.000" />

<Timing tag = "Resolving_Disulfide_Bonds"  duration = "0.000" />


Total number of subrotamer interactions = 0

<Timing tag = "Updating_Pairwise_Energies"  duration = "0.000" />

<Timing tag = "Normalizing_Atoms_Sets"  duration = "0.000" />


Running Goldstein's DEE (version G)
:::::::::::::::::::::::::::::::::::

Initial number of residues - 29
Initial number of rotamers - 594

	62 redundant edges eliminated

	Isolated residues removed - 0 

round 1:
	14 redundant edges eliminated

	Isolated residues removed - 7 
	Rotamers eliminated  -  460

round 2:
	3 redundant edges eliminated

	Isolated residues removed - 3 
	Rotamers eliminated  -  49

round 3:
	3 redundant edges eliminated

	Isolated residues removed - 2 
	Rotamers eliminated  -  13

round 4:
	0 redundant edges eliminated

	Isolated residues removed - 1 
	Rotamers eliminated  -  3

round 5:
	0 redundant edges eliminated

	Isolated residues removed - 0 
	Rotamers eliminated  -  0
Energy accumulated during DEE = 30.4701
<Timing tag = "DEE"  duration = "0.000" />

Searching for clusters... 1 clusters found

Processing cluster of 16 vertices

Redundant nodes eliminated : 3
Tree-decomposition has been built. Width+1 = 3

Total combinations to search = 2.461e+3
  12        :   ->    6  10  20   2
  11(  12 ) :   10  20  ->   16
  10(  12 ) :    6  20  ->    7
   9(  10 ) :   20   7  ->   24
   8(  12 ) :   10   2  ->    9
   7(   8 ) :    9   2  ->    5
   6(  12 ) :    6   2  ->    1
   5(   7 ) :    5  ->    3
   4(   7 ) :    9  ->   13
   3(  11 ) :   16  ->   14
   2(   9 ) :   20  ->   23
   1(   2 ) :   23  ->   22
   0(   9 ) :    7  ->    4

ArtPts =  0	MaxDegree =  4	MaxBag =  3	AvgBag = 2.61538

===============================
Launching bottom-to-top process
Combinations:
	in intersections - 2.4e+02
	in exclusions   -  413.2
	total to search  - 8.8e+02

Maximal size of a key is 66 elements

Processing nodes ............
<Timing tag = "Bottom_To_Top"  duration = "0.000" />

<Trace tag = "Deciding_on_the_root_node" >

Number of combinations = 1.584e+3
<Timing tag = "Deciding_on_the_root_node"  duration = "0.000" />
</Trace>
<Trace tag = "Top_To_Bottom" >

<Timing tag = "Top_To_Bottom"  duration = "0.000" />
</Trace>
Energy of this cluster = 56.9521


Total minimal energy of the graph = 87.4222

<Timing tag = "Combinatorial_Search"  duration = "0.000" />

<Timing tag = "Deriving_Optimum"  duration = "0.000" />

<Timing tag = "Saving_to_PDB_file"  duration = "0.000" />


Deleting workspace.

<Timing tag = "Scwrl4_Execution"  duration = "0.360" />

