
Using parameters from /home/garmstrong/github/medbio-challenge/src/scwrl//Scwrl4.ini

<Timing tag = "Loading_PDB_file"  duration = "0.000" />

Using rotamer library: /home/garmstrong/github/medbio-challenge/src/scwrl/bbDepRotLib.bin

<Timing tag = "Adding_residues"  duration = "0.000" />

Sequence file has been loaded
---------------
"FGDYLLMQLMRQSGMGINQVVNQILRDKSKIA"
---------------

<Timing tag = "Building_Atoms_Sets"  duration = "0.000" />

<Timing tag = "Building_Flexible_Subrotamers"  duration = "0.000" />

<Timing tag = "Computing_Symmetry_Operators"  duration = "0.000" />

<Timing tag = "Updating_Self_Energies"  duration = "0.010" />

<Timing tag = "Computing_Active_Rotamers"  duration = "0.000" />

<Timing tag = "Resolving_Disulfide_Bonds"  duration = "0.000" />


Total number of subrotamer interactions = 642888

<Timing tag = "Updating_Pairwise_Energies"  duration = "0.240" />

<Timing tag = "Normalizing_Atoms_Sets"  duration = "0.000" />

<Timing tag = "Computing_Interaction_Graph"  duration = "0.250" />
 

<Timing tag = "Building_Atoms_Sets"  duration = "0.000" />

<Timing tag = "Building_Flexible_Subrotamers"  duration = "0.000" />

<Timing tag = "Computing_Symmetry_Operators"  duration = "0.000" />

<Timing tag = "Updating_Self_Energies"  duration = "0.010" />

<Timing tag = "Computing_Active_Rotamers"  duration = "0.000" />

<Timing tag = "Resolving_Disulfide_Bonds"  duration = "0.000" />


Total number of subrotamer interactions = 0

<Timing tag = "Updating_Pairwise_Energies"  duration = "0.000" />

<Timing tag = "Normalizing_Atoms_Sets"  duration = "0.000" />


Running Goldstein's DEE (version G)
:::::::::::::::::::::::::::::::::::

Initial number of residues - 28
Initial number of rotamers - 455

	60 redundant edges eliminated

	Isolated residues removed - 2 

round 1:
	12 redundant edges eliminated

	Isolated residues removed - 9 
	Rotamers eliminated  -  360

round 2:
	1 redundant edges eliminated

	Isolated residues removed - 5 
	Rotamers eliminated  -  25

round 3:
	0 redundant edges eliminated

	Isolated residues removed - 0 
	Rotamers eliminated  -  6

round 4:
	0 redundant edges eliminated

	Isolated residues removed - 0 
	Rotamers eliminated  -  2

round 5:
	0 redundant edges eliminated

	Isolated residues removed - 0 
	Rotamers eliminated  -  0
Energy accumulated during DEE = 26.2812
<Timing tag = "DEE"  duration = "0.000" />

Searching for clusters... 1 clusters found

Processing cluster of 12 vertices

Redundant nodes eliminated : 3
Tree-decomposition has been built. Width+1 = 3

Total combinations to search = 3.58e+2
   8        :   ->    3  21   6  17
   7(   8 ) :    6  17  ->   11
   6(   7 ) :   11   6  ->   10
   5(   6 ) :   11   6  ->   20
   4(   7 ) :   11  17  ->   13
   3(   6 ) :   10  ->    9
   2(   5 ) :   20  ->   23
   1(   8 ) :    3  ->    4
   0(   1 ) :    3  ->   25

ArtPts =  0	MaxDegree =  3	MaxBag =  3	AvgBag = 2.66667

===============================
Launching bottom-to-top process
Combinations:
	in intersections -  74
	in exclusions   -  263.2
	total to search  - 2.4e+02

Maximal size of a key is 14 elements

Processing nodes ........
<Timing tag = "Bottom_To_Top"  duration = "0.000" />

<Trace tag = "Deciding_on_the_root_node" >

Number of combinations = 1.2e+2
<Timing tag = "Deciding_on_the_root_node"  duration = "0.000" />
</Trace>
<Trace tag = "Top_To_Bottom" >

<Timing tag = "Top_To_Bottom"  duration = "0.000" />
</Trace>
Energy of this cluster = 40.4273


Total minimal energy of the graph = 66.7084

<Timing tag = "Combinatorial_Search"  duration = "0.000" />

<Timing tag = "Deriving_Optimum"  duration = "0.010" />

<Timing tag = "Saving_to_PDB_file"  duration = "0.000" />


Deleting workspace.

<Timing tag = "Scwrl4_Execution"  duration = "0.270" />

