
Using parameters from /home/garmstrong/github/medbio-challenge/src/scwrl//Scwrl4.ini

<Timing tag = "Loading_PDB_file"  duration = "0.000" />

Using rotamer library: /home/garmstrong/github/medbio-challenge/src/scwrl/bbDepRotLib.bin

<Timing tag = "Adding_residues"  duration = "0.000" />

Sequence file has been loaded
---------------
"KPQWYNHKTIDTIRLQKQDKNEQEKRLVELKAKGKT"
---------------

<Timing tag = "Building_Atoms_Sets"  duration = "0.000" />

<Timing tag = "Building_Flexible_Subrotamers"  duration = "0.010" />

<Timing tag = "Computing_Symmetry_Operators"  duration = "0.000" />

<Timing tag = "Updating_Self_Energies"  duration = "0.010" />

<Timing tag = "Computing_Active_Rotamers"  duration = "0.000" />

<Timing tag = "Resolving_Disulfide_Bonds"  duration = "0.000" />


Total number of subrotamer interactions = 856883

<Timing tag = "Updating_Pairwise_Energies"  duration = "0.430" />

<Timing tag = "Normalizing_Atoms_Sets"  duration = "0.000" />

<Timing tag = "Computing_Interaction_Graph"  duration = "0.450" />
 

<Timing tag = "Building_Atoms_Sets"  duration = "0.000" />

<Timing tag = "Building_Flexible_Subrotamers"  duration = "0.010" />

<Timing tag = "Computing_Symmetry_Operators"  duration = "0.000" />

<Timing tag = "Updating_Self_Energies"  duration = "0.000" />

<Timing tag = "Computing_Active_Rotamers"  duration = "0.000" />

<Timing tag = "Resolving_Disulfide_Bonds"  duration = "0.000" />


Total number of subrotamer interactions = 0

<Timing tag = "Updating_Pairwise_Energies"  duration = "0.000" />

<Timing tag = "Normalizing_Atoms_Sets"  duration = "0.000" />


Running Goldstein's DEE (version G)
:::::::::::::::::::::::::::::::::::

Initial number of residues - 34
Initial number of rotamers - 651

	83 redundant edges eliminated

	Isolated residues removed - 0 

round 1:
	13 redundant edges eliminated

	Isolated residues removed - 15 
	Rotamers eliminated  -  567

round 2:
	4 redundant edges eliminated

	Isolated residues removed - 5 
	Rotamers eliminated  -  41

round 3:
	0 redundant edges eliminated

	Isolated residues removed - 2 
	Rotamers eliminated  -  11

round 4:
	0 redundant edges eliminated

	Isolated residues removed - 0 
	Rotamers eliminated  -  1

round 5:
	0 redundant edges eliminated

	Isolated residues removed - 0 
	Rotamers eliminated  -  0
Energy accumulated during DEE = 44.6213
<Timing tag = "DEE"  duration = "0.000" />

Searching for clusters... 1 clusters found

Processing cluster of 12 vertices

Redundant nodes eliminated : 4
Tree-decomposition has been built. Width+1 = 2

Total combinations to search = 1.08e+2
   7(   4 ) :   13  ->   26
   6        :   ->    8  30  12
   5(   7 ) :   26  ->   22  15
   4(   6 ) :   12  30  ->   13
   3(   6 ) :    8  ->    5   4
   2(   5 ) :   26  ->   29
   1(   5 ) :   22  ->   19
   0(   3 ) :    5  ->    1

ArtPts =  0	MaxDegree =  3	MaxBag =  2	AvgBag = 2.5

===============================
Launching bottom-to-top process
Combinations:
	in intersections -  25
	in exclusions   -  283.2
	total to search  -  96

Maximal size of a key is 4 elements

Processing nodes .......
<Timing tag = "Bottom_To_Top"  duration = "0.000" />

<Trace tag = "Deciding_on_the_root_node" >

Number of combinations = 1.2e+1
<Timing tag = "Deciding_on_the_root_node"  duration = "0.000" />
</Trace>
<Trace tag = "Top_To_Bottom" >

<Timing tag = "Top_To_Bottom"  duration = "0.000" />
</Trace>
Energy of this cluster = 35.3538


Total minimal energy of the graph = 79.9752

<Timing tag = "Combinatorial_Search"  duration = "0.000" />

<Timing tag = "Deriving_Optimum"  duration = "0.010" />

<Timing tag = "Saving_to_PDB_file"  duration = "0.000" />


Deleting workspace.

<Timing tag = "Scwrl4_Execution"  duration = "0.480" />

