
Using parameters from /home/garmstrong/github/medbio-challenge/src/scwrl//Scwrl4.ini

<Timing tag = "Loading_PDB_file"  duration = "0.000" />

Using rotamer library: /home/garmstrong/github/medbio-challenge/src/scwrl/bbDepRotLib.bin

<Timing tag = "Adding_residues"  duration = "0.000" />

Sequence file has been loaded
---------------
"SAPSLQHLCRLTINKCTGAIWGLPLPTRLKDYLEEY"
---------------

<Timing tag = "Building_Atoms_Sets"  duration = "0.000" />

<Timing tag = "Building_Flexible_Subrotamers"  duration = "0.000" />

<Timing tag = "Computing_Symmetry_Operators"  duration = "0.000" />

<Timing tag = "Updating_Self_Energies"  duration = "0.010" />

<Timing tag = "Computing_Active_Rotamers"  duration = "0.000" />

<Timing tag = "Resolving_Disulfide_Bonds"  duration = "0.000" />


Total number of subrotamer interactions = 489242

<Timing tag = "Updating_Pairwise_Energies"  duration = "0.220" />

<Timing tag = "Normalizing_Atoms_Sets"  duration = "0.000" />

<Timing tag = "Computing_Interaction_Graph"  duration = "0.230" />
 

<Timing tag = "Building_Atoms_Sets"  duration = "0.000" />

<Timing tag = "Building_Flexible_Subrotamers"  duration = "0.010" />

<Timing tag = "Computing_Symmetry_Operators"  duration = "0.000" />

<Timing tag = "Updating_Self_Energies"  duration = "0.000" />

<Timing tag = "Computing_Active_Rotamers"  duration = "0.000" />

<Timing tag = "Resolving_Disulfide_Bonds"  duration = "0.000" />


Total number of subrotamer interactions = 0

<Timing tag = "Updating_Pairwise_Energies"  duration = "0.000" />

<Timing tag = "Normalizing_Atoms_Sets"  duration = "0.000" />


Running Goldstein's DEE (version G)
:::::::::::::::::::::::::::::::::::

Initial number of residues - 31
Initial number of rotamers - 390

	57 redundant edges eliminated

	Isolated residues removed - 1 

round 1:
	6 redundant edges eliminated

	Isolated residues removed - 20 
	Rotamers eliminated  -  298

round 2:
	1 redundant edges eliminated

	Isolated residues removed - 0 
	Rotamers eliminated  -  36

round 3:
	0 redundant edges eliminated

	Isolated residues removed - 0 
	Rotamers eliminated  -  1

round 4:
	0 redundant edges eliminated

	Isolated residues removed - 0 
	Rotamers eliminated  -  0
Energy accumulated during DEE = 18.4598
<Timing tag = "DEE"  duration = "0.000" />

Searching for clusters... 2 clusters found

Processing cluster of 7 vertices

Redundant nodes eliminated : 2
Tree-decomposition has been built. Width+1 = 2

Total combinations to search = 1.044e+3
   4        :   ->    6   9  27
   3(   4 ) :    9  27  ->    5
   2(   4 ) :    6   9  ->   31
   1(   2 ) :    6  ->    3
   0(   3 ) :   27  ->   23

ArtPts =  0	MaxDegree =  2	MaxBag =  2	AvgBag = 2.6

===============================
Launching bottom-to-top process
Combinations:
	in intersections - 1.3e+02
	in exclusions   -  153.2
	total to search  - 6.5e+02

Maximal size of a key is 78 elements

Processing nodes ....
<Timing tag = "Bottom_To_Top"  duration = "0.000" />

<Trace tag = "Deciding_on_the_root_node" >

Number of combinations = 3.9e+2
<Timing tag = "Deciding_on_the_root_node"  duration = "0.000" />
</Trace>
<Trace tag = "Top_To_Bottom" >

<Timing tag = "Top_To_Bottom"  duration = "0.000" />
</Trace>
Energy of this cluster = 22.1129


Processing cluster of 3 vertices

Redundant nodes eliminated : 2
Tree-decomposition has been built. Width+1 = 2

Total combinations to search = 1.2e+1
   0        :   ->   29  25  17

ArtPts =  0	MaxDegree =  0	MaxBag =  2	AvgBag = 3

<Trace tag = "Deciding_on_the_root_node" >

Number of combinations = 1.2e+1
<Timing tag = "Deciding_on_the_root_node"  duration = "0.000" />
</Trace>
<Trace tag = "Top_To_Bottom" >

<Timing tag = "Top_To_Bottom"  duration = "0.000" />
</Trace>
Energy of this cluster = 9.4748


Total minimal energy of the graph = 50.0475

<Timing tag = "Combinatorial_Search"  duration = "0.000" />

<Timing tag = "Deriving_Optimum"  duration = "0.010" />

<Timing tag = "Saving_to_PDB_file"  duration = "0.000" />


Deleting workspace.

<Timing tag = "Scwrl4_Execution"  duration = "0.250" />

