
Using parameters from /home/garmstrong/github/medbio-challenge/src/scwrl//Scwrl4.ini

<Timing tag = "Loading_PDB_file"  duration = "0.000" />

Using rotamer library: /home/garmstrong/github/medbio-challenge/src/scwrl/bbDepRotLib.bin

Residue D   1  is being treated as N-terminal

<Timing tag = "Adding_residues"  duration = "0.000" />

Sequence file has been loaded
---------------
"MTIDEIIEAIEKLTVSELAELVKKLEDKFG"
---------------

<Timing tag = "Building_Atoms_Sets"  duration = "0.000" />

<Timing tag = "Building_Flexible_Subrotamers"  duration = "0.000" />

<Timing tag = "Computing_Symmetry_Operators"  duration = "0.000" />

<Timing tag = "Updating_Self_Energies"  duration = "0.000" />

<Timing tag = "Computing_Active_Rotamers"  duration = "0.000" />

<Timing tag = "Resolving_Disulfide_Bonds"  duration = "0.000" />


Total number of subrotamer interactions = 329081

<Timing tag = "Updating_Pairwise_Energies"  duration = "0.110" />

<Timing tag = "Normalizing_Atoms_Sets"  duration = "0.000" />

<Timing tag = "Computing_Interaction_Graph"  duration = "0.110" />
 

<Timing tag = "Building_Atoms_Sets"  duration = "0.000" />

<Timing tag = "Building_Flexible_Subrotamers"  duration = "0.000" />

<Timing tag = "Computing_Symmetry_Operators"  duration = "0.000" />

<Timing tag = "Updating_Self_Energies"  duration = "0.000" />

<Timing tag = "Computing_Active_Rotamers"  duration = "0.000" />

<Timing tag = "Resolving_Disulfide_Bonds"  duration = "0.000" />


Total number of subrotamer interactions = 0

<Timing tag = "Updating_Pairwise_Energies"  duration = "0.000" />

<Timing tag = "Normalizing_Atoms_Sets"  duration = "0.000" />


Running Goldstein's DEE (version G)
:::::::::::::::::::::::::::::::::::

Initial number of residues - 27
Initial number of rotamers - 359

	31 redundant edges eliminated

	Isolated residues removed - 1 

round 1:
	4 redundant edges eliminated

	Isolated residues removed - 23 
	Rotamers eliminated  -  345

round 2:
	0 redundant edges eliminated

	Isolated residues removed - 1 
	Rotamers eliminated  -  7

round 3:
	0 redundant edges eliminated

	Isolated residues removed - 0 
	Rotamers eliminated  -  0
Energy accumulated during DEE = 52.9684
<Timing tag = "DEE"  duration = "0.000" />

Searching for clusters... 1 clusters found

Processing cluster of 2 vertices

Redundant nodes eliminated : 1
Tree-decomposition has been built. Width+1 = 1

Total combinations to search = 4
   0        :   ->   13  16

ArtPts =  0	MaxDegree =  0	MaxBag =  1	AvgBag = 2

<Trace tag = "Deciding_on_the_root_node" >

Number of combinations = 4
<Timing tag = "Deciding_on_the_root_node"  duration = "0.000" />
</Trace>
<Trace tag = "Top_To_Bottom" >

<Timing tag = "Top_To_Bottom"  duration = "0.000" />
</Trace>
Energy of this cluster = -3.03021


Total minimal energy of the graph = 49.9382

<Timing tag = "Combinatorial_Search"  duration = "0.000" />

<Timing tag = "Deriving_Optimum"  duration = "0.000" />

<Timing tag = "Saving_to_PDB_file"  duration = "0.000" />


Deleting workspace.

<Timing tag = "Scwrl4_Execution"  duration = "0.110" />

