
Using parameters from /home/garmstrong/github/medbio-challenge/src/scwrl//Scwrl4.ini

<Timing tag = "Loading_PDB_file"  duration = "0.000" />

Using rotamer library: /home/garmstrong/github/medbio-challenge/src/scwrl/bbDepRotLib.bin

<Timing tag = "Adding_residues"  duration = "0.000" />

Sequence file has been loaded
---------------
"TEENRQLQRELAEAAKL"
---------------

<Timing tag = "Building_Atoms_Sets"  duration = "0.000" />

<Timing tag = "Building_Flexible_Subrotamers"  duration = "0.000" />

<Timing tag = "Computing_Symmetry_Operators"  duration = "0.000" />

<Timing tag = "Updating_Self_Energies"  duration = "0.000" />

<Timing tag = "Computing_Active_Rotamers"  duration = "0.000" />

<Timing tag = "Resolving_Disulfide_Bonds"  duration = "0.000" />


Total number of subrotamer interactions = 474459

<Timing tag = "Updating_Pairwise_Energies"  duration = "0.230" />

<Timing tag = "Normalizing_Atoms_Sets"  duration = "0.000" />

<Timing tag = "Computing_Interaction_Graph"  duration = "0.230" />
 

<Timing tag = "Building_Atoms_Sets"  duration = "0.000" />

<Timing tag = "Building_Flexible_Subrotamers"  duration = "0.000" />

<Timing tag = "Computing_Symmetry_Operators"  duration = "0.000" />

<Timing tag = "Updating_Self_Energies"  duration = "0.000" />

<Timing tag = "Computing_Active_Rotamers"  duration = "0.000" />

<Timing tag = "Resolving_Disulfide_Bonds"  duration = "0.000" />


Total number of subrotamer interactions = 0

<Timing tag = "Updating_Pairwise_Energies"  duration = "0.000" />

<Timing tag = "Normalizing_Atoms_Sets"  duration = "0.000" />


Running Goldstein's DEE (version G)
:::::::::::::::::::::::::::::::::::

Initial number of residues - 14
Initial number of rotamers - 308

	18 redundant edges eliminated

	Isolated residues removed - 0 

round 1:
	3 redundant edges eliminated

	Isolated residues removed - 7 
	Rotamers eliminated  -  259

round 2:
	1 redundant edges eliminated

	Isolated residues removed - 0 
	Rotamers eliminated  -  12

round 3:
	0 redundant edges eliminated

	Isolated residues removed - 0 
	Rotamers eliminated  -  0
Energy accumulated during DEE = 7.88813
<Timing tag = "DEE"  duration = "0.010" />

Searching for clusters... 1 clusters found

Processing cluster of 7 vertices

Redundant nodes eliminated : 2
Tree-decomposition has been built. Width+1 = 2

Total combinations to search = 6.97e+2
   4        :   ->    6   5   2
   3(   4 ) :    6   5  ->    9
   2(   3 ) :    9   6  ->   10
   1(   2 ) :    9  ->   12
   0(   1 ) :    9  ->    8

ArtPts =  0	MaxDegree =  2	MaxBag =  2	AvgBag = 2.6

===============================
Launching bottom-to-top process
Combinations:
	in intersections - 1.1e+02
	in exclusions   -  223.2
	total to search  - 5.8e+02

Maximal size of a key is 63 elements

Processing nodes ....
<Timing tag = "Bottom_To_Top"  duration = "0.000" />

<Trace tag = "Deciding_on_the_root_node" >

Number of combinations = 1.12e+2
<Timing tag = "Deciding_on_the_root_node"  duration = "0.000" />
</Trace>
<Trace tag = "Top_To_Bottom" >

<Timing tag = "Top_To_Bottom"  duration = "0.000" />
</Trace>
Energy of this cluster = 19.0549


Total minimal energy of the graph = 26.943

<Timing tag = "Combinatorial_Search"  duration = "0.010" />

<Timing tag = "Deriving_Optimum"  duration = "0.010" />

<Timing tag = "Saving_to_PDB_file"  duration = "0.000" />


Deleting workspace.

<Timing tag = "Scwrl4_Execution"  duration = "0.240" />

