
Using parameters from /home/garmstrong/github/medbio-challenge/src/scwrl//Scwrl4.ini

<Timing tag = "Loading_PDB_file"  duration = "0.000" />

Using rotamer library: /home/garmstrong/github/medbio-challenge/src/scwrl/bbDepRotLib.bin

Residue A 190  is being treated as C-terminal

<Timing tag = "Adding_residues"  duration = "0.000" />

Sequence file has been loaded
---------------
"KIVLCPQCREAYPAQDGELCLSCQGGSPYL"
---------------

<Timing tag = "Building_Atoms_Sets"  duration = "0.000" />

<Timing tag = "Building_Flexible_Subrotamers"  duration = "0.000" />

<Timing tag = "Computing_Symmetry_Operators"  duration = "0.000" />

<Timing tag = "Updating_Self_Energies"  duration = "0.000" />

<Timing tag = "Computing_Active_Rotamers"  duration = "0.000" />

<Timing tag = "Resolving_Disulfide_Bonds"  duration = "0.000" />


Total number of subrotamer interactions = 117912

<Timing tag = "Updating_Pairwise_Energies"  duration = "0.050" />

<Timing tag = "Normalizing_Atoms_Sets"  duration = "0.000" />

<Timing tag = "Computing_Interaction_Graph"  duration = "0.050" />
 

<Timing tag = "Building_Atoms_Sets"  duration = "0.000" />

<Timing tag = "Building_Flexible_Subrotamers"  duration = "0.000" />

<Timing tag = "Computing_Symmetry_Operators"  duration = "0.000" />

<Timing tag = "Updating_Self_Energies"  duration = "0.000" />

<Timing tag = "Computing_Active_Rotamers"  duration = "0.000" />

<Timing tag = "Resolving_Disulfide_Bonds"  duration = "0.000" />


Total number of subrotamer interactions = 0

<Timing tag = "Updating_Pairwise_Energies"  duration = "0.000" />

<Timing tag = "Normalizing_Atoms_Sets"  duration = "0.000" />


Running Goldstein's DEE (version G)
:::::::::::::::::::::::::::::::::::

Initial number of residues - 20
Initial number of rotamers - 327

	34 redundant edges eliminated

	Isolated residues removed - 2 

round 1:
	5 redundant edges eliminated

	Isolated residues removed - 9 
	Rotamers eliminated  -  295

round 2:
	0 redundant edges eliminated

	Isolated residues removed - 0 
	Rotamers eliminated  -  3

round 3:
	0 redundant edges eliminated

	Isolated residues removed - 0 
	Rotamers eliminated  -  0
Energy accumulated during DEE = 24.1322
<Timing tag = "DEE"  duration = "0.000" />

Searching for clusters... 1 clusters found

Processing cluster of 9 vertices

Redundant nodes eliminated : 2
Tree-decomposition has been built. Width+1 = 2

Total combinations to search = 1.02e+2
   6        :   ->   11   8   9
   5(   6 ) :   11   8  ->   14
   4(   5 ) :   11  14  ->   16
   3(   4 ) :   16  ->   13
   2(   3 ) :   13  ->    4
   1(   2 ) :   13  ->    5
   0(   5 ) :    8  ->    7

ArtPts =  0	MaxDegree =  3	MaxBag =  2	AvgBag = 2.42857

===============================
Launching bottom-to-top process
Combinations:
	in intersections -  31
	in exclusions   -  143.2
	total to search  -  78

Maximal size of a key is 12 elements

Processing nodes ......
<Timing tag = "Bottom_To_Top"  duration = "0.000" />

<Trace tag = "Deciding_on_the_root_node" >

Number of combinations = 2.4e+1
<Timing tag = "Deciding_on_the_root_node"  duration = "0.000" />
</Trace>
<Trace tag = "Top_To_Bottom" >

<Timing tag = "Top_To_Bottom"  duration = "0.000" />
</Trace>
Energy of this cluster = 61.7467


Total minimal energy of the graph = 85.8789

<Timing tag = "Combinatorial_Search"  duration = "0.000" />

<Timing tag = "Deriving_Optimum"  duration = "0.000" />

<Timing tag = "Saving_to_PDB_file"  duration = "0.000" />


Deleting workspace.

<Timing tag = "Scwrl4_Execution"  duration = "0.060" />

