
Using parameters from /home/garmstrong/github/medbio-challenge/src/scwrl//Scwrl4.ini

<Timing tag = "Loading_PDB_file"  duration = "0.000" />

Using rotamer library: /home/garmstrong/github/medbio-challenge/src/scwrl/bbDepRotLib.bin

<Timing tag = "Adding_residues"  duration = "0.000" />

Warning! Length of the provided sequence exceeds the number of residues!
Sequence will be truncated!

Sequence file has been loaded
---------------
"SRSYRRAKEAVMRALYYQYRDRKLR"
---------------

<Timing tag = "Building_Atoms_Sets"  duration = "0.000" />

<Timing tag = "Building_Flexible_Subrotamers"  duration = "0.000" />

<Timing tag = "Computing_Symmetry_Operators"  duration = "0.000" />

<Timing tag = "Updating_Self_Energies"  duration = "0.010" />

<Timing tag = "Computing_Active_Rotamers"  duration = "0.000" />

<Timing tag = "Resolving_Disulfide_Bonds"  duration = "0.000" />


Total number of subrotamer interactions = 754830

<Timing tag = "Updating_Pairwise_Energies"  duration = "0.370" />

<Timing tag = "Normalizing_Atoms_Sets"  duration = "0.000" />

<Timing tag = "Computing_Interaction_Graph"  duration = "0.380" />
 

<Timing tag = "Building_Atoms_Sets"  duration = "0.000" />

<Timing tag = "Building_Flexible_Subrotamers"  duration = "0.000" />

<Timing tag = "Computing_Symmetry_Operators"  duration = "0.000" />

<Timing tag = "Updating_Self_Energies"  duration = "0.000" />

<Timing tag = "Computing_Active_Rotamers"  duration = "0.000" />

<Timing tag = "Resolving_Disulfide_Bonds"  duration = "0.000" />


Total number of subrotamer interactions = 0

<Timing tag = "Updating_Pairwise_Energies"  duration = "0.000" />

<Timing tag = "Normalizing_Atoms_Sets"  duration = "0.000" />


Running Goldstein's DEE (version G)
:::::::::::::::::::::::::::::::::::

Initial number of residues - 22
Initial number of rotamers - 459

	32 redundant edges eliminated

	Isolated residues removed - 0 

round 1:
	11 redundant edges eliminated

	Isolated residues removed - 9 
	Rotamers eliminated  -  376

round 2:
	3 redundant edges eliminated

	Isolated residues removed - 1 
	Rotamers eliminated  -  24

round 3:
	0 redundant edges eliminated

	Isolated residues removed - 0 
	Rotamers eliminated  -  0
Energy accumulated during DEE = 30.4577
<Timing tag = "DEE"  duration = "0.010" />

Searching for clusters... 3 clusters found

Processing cluster of 6 vertices

Redundant nodes eliminated : 3
Tree-decomposition has been built. Width+1 = 2

Total combinations to search = 4.08e+2
   2        :   ->   18  14  22
   1(   2 ) :   14  ->   13  11
   0(   1 ) :   13  ->   17

ArtPts =  0	MaxDegree =  2	MaxBag =  2	AvgBag = 2.66667

===============================
Launching bottom-to-top process
Combinations:
	in intersections -  12
	in exclusions   -  203.2
	total to search  - 1.2e+02

Maximal size of a key is 6 elements

Processing nodes ..
<Timing tag = "Bottom_To_Top"  duration = "0.000" />

<Trace tag = "Deciding_on_the_root_node" >

Number of combinations = 2.88e+2
<Timing tag = "Deciding_on_the_root_node"  duration = "0.000" />
</Trace>
<Trace tag = "Top_To_Bottom" >

<Timing tag = "Top_To_Bottom"  duration = "0.000" />
</Trace>
Energy of this cluster = 22.5808


Processing cluster of 4 vertices

Redundant nodes eliminated : 1
Tree-decomposition has been built. Width+1 = 1

Total combinations to search = 8.4e+1
   2        :   ->   16  19
   1(   2 ) :   16  ->   12
   0(   1 ) :   16  ->   20

ArtPts =  0	MaxDegree =  2	MaxBag =  1	AvgBag = 2

===============================
Launching bottom-to-top process
Combinations:
	in intersections -  28
	in exclusions   -  43.2
	total to search  -  56

Maximal size of a key is 14 elements

Processing nodes ..
<Timing tag = "Bottom_To_Top"  duration = "0.000" />

<Trace tag = "Deciding_on_the_root_node" >

Number of combinations = 2.8e+1
<Timing tag = "Deciding_on_the_root_node"  duration = "0.000" />
</Trace>
<Trace tag = "Top_To_Bottom" >

<Timing tag = "Top_To_Bottom"  duration = "0.000" />
</Trace>
Energy of this cluster = 15.0368


Processing cluster of 2 vertices

Redundant nodes eliminated : 1
Tree-decomposition has been built. Width+1 = 1

Total combinations to search = 1.2e+1
   0        :   ->    4   7

ArtPts =  0	MaxDegree =  0	MaxBag =  1	AvgBag = 2

<Trace tag = "Deciding_on_the_root_node" >

Number of combinations = 1.2e+1
<Timing tag = "Deciding_on_the_root_node"  duration = "0.000" />
</Trace>
<Trace tag = "Top_To_Bottom" >

<Timing tag = "Top_To_Bottom"  duration = "0.000" />
</Trace>
Energy of this cluster = 6.43644


Total minimal energy of the graph = 74.5118

<Timing tag = "Combinatorial_Search"  duration = "0.010" />

<Timing tag = "Deriving_Optimum"  duration = "0.010" />

<Timing tag = "Saving_to_PDB_file"  duration = "0.000" />


Deleting workspace.

<Timing tag = "Scwrl4_Execution"  duration = "0.390" />

