
Using parameters from /home/garmstrong/github/medbio-challenge/src/scwrl//Scwrl4.ini

<Timing tag = "Loading_PDB_file"  duration = "0.000" />

Using rotamer library: /home/garmstrong/github/medbio-challenge/src/scwrl/bbDepRotLib.bin

<Timing tag = "Adding_residues"  duration = "0.000" />

Warning! Length of the provided sequence exceeds the number of residues!
Sequence will be truncated!

Warning! Length of the provided sequence exceeds the number of residues!
Sequence will be truncated!

Sequence file has been loaded
---------------
"FLKNVLEEGSKLEEFNELELSPEDKELLEYLQQ"
---------------

<Timing tag = "Building_Atoms_Sets"  duration = "0.000" />

<Timing tag = "Building_Flexible_Subrotamers"  duration = "0.000" />

<Timing tag = "Computing_Symmetry_Operators"  duration = "0.000" />

<Timing tag = "Updating_Self_Energies"  duration = "0.010" />

<Timing tag = "Computing_Active_Rotamers"  duration = "0.000" />

<Timing tag = "Resolving_Disulfide_Bonds"  duration = "0.000" />


Total number of subrotamer interactions = 686785

<Timing tag = "Updating_Pairwise_Energies"  duration = "0.240" />

<Timing tag = "Normalizing_Atoms_Sets"  duration = "0.000" />

<Timing tag = "Computing_Interaction_Graph"  duration = "0.250" />
 

<Timing tag = "Building_Atoms_Sets"  duration = "0.000" />

<Timing tag = "Building_Flexible_Subrotamers"  duration = "0.000" />

<Timing tag = "Computing_Symmetry_Operators"  duration = "0.000" />

<Timing tag = "Updating_Self_Energies"  duration = "0.000" />

<Timing tag = "Computing_Active_Rotamers"  duration = "0.000" />

<Timing tag = "Resolving_Disulfide_Bonds"  duration = "0.000" />


Total number of subrotamer interactions = 0

<Timing tag = "Updating_Pairwise_Energies"  duration = "0.000" />

<Timing tag = "Normalizing_Atoms_Sets"  duration = "0.000" />


Running Goldstein's DEE (version G)
:::::::::::::::::::::::::::::::::::

Initial number of residues - 32
Initial number of rotamers - 584

	57 redundant edges eliminated

	Isolated residues removed - 0 

round 1:
	10 redundant edges eliminated

	Isolated residues removed - 21 
	Rotamers eliminated  -  533

round 2:
	1 redundant edges eliminated

	Isolated residues removed - 7 
	Rotamers eliminated  -  39

round 3:
	1 redundant edges eliminated

	Isolated residues removed - 0 
	Rotamers eliminated  -  3

round 4:
	0 redundant edges eliminated

	Isolated residues removed - 0 
	Rotamers eliminated  -  0
Energy accumulated during DEE = 70.6265
<Timing tag = "DEE"  duration = "0.010" />

Searching for clusters... 2 clusters found

Processing cluster of 2 vertices

Redundant nodes eliminated : 1
Tree-decomposition has been built. Width+1 = 1

Total combinations to search = 6
   0        :   ->   28  24

ArtPts =  0	MaxDegree =  0	MaxBag =  1	AvgBag = 2

<Trace tag = "Deciding_on_the_root_node" >

Number of combinations = 6
<Timing tag = "Deciding_on_the_root_node"  duration = "0.000" />
</Trace>
<Trace tag = "Top_To_Bottom" >

<Timing tag = "Top_To_Bottom"  duration = "0.000" />
</Trace>
Energy of this cluster = 8.64286


Processing cluster of 2 vertices

Redundant nodes eliminated : 1
Tree-decomposition has been built. Width+1 = 1

Total combinations to search = 4
   0        :   ->   17  25

ArtPts =  0	MaxDegree =  0	MaxBag =  1	AvgBag = 2

<Trace tag = "Deciding_on_the_root_node" >

Number of combinations = 4
<Timing tag = "Deciding_on_the_root_node"  duration = "0.000" />
</Trace>
<Trace tag = "Top_To_Bottom" >

<Timing tag = "Top_To_Bottom"  duration = "0.000" />
</Trace>
Energy of this cluster = 8.12548


Total minimal energy of the graph = 87.3948

<Timing tag = "Combinatorial_Search"  duration = "0.010" />

<Timing tag = "Deriving_Optimum"  duration = "0.010" />

<Timing tag = "Saving_to_PDB_file"  duration = "0.000" />


Deleting workspace.

<Timing tag = "Scwrl4_Execution"  duration = "0.270" />

