
Using parameters from /home/garmstrong/github/medbio-challenge/src/scwrl//Scwrl4.ini

<Timing tag = "Loading_PDB_file"  duration = "0.000" />

Using rotamer library: /home/garmstrong/github/medbio-challenge/src/scwrl/bbDepRotLib.bin

Warning: Residue "A 248 " will be ignored beacause it's backbone is incomplete

Warning: Residue "A 310 " will be ignored beacause it's backbone is incomplete

Warning: Residue "A 314 " will be ignored beacause it's backbone is incomplete

Warning: Residue "A 320 " will be ignored beacause it's backbone is incomplete

Warning: Residue "A 328 " will be ignored beacause it's backbone is incomplete

Warning: Residue "A 332 " will be ignored beacause it's backbone is incomplete

Warning: Residue "A 342 " will be ignored beacause it's backbone is incomplete

Warning: Residue "A 347 " will be ignored beacause it's backbone is incomplete

Warning: Residue "A 388 " will be ignored beacause it's backbone is incomplete

Warning: Residue "A 398 " will be ignored beacause it's backbone is incomplete

Warning: Residue "A 400 " will be ignored beacause it's backbone is incomplete

Warning: Residue "A 423 " will be ignored beacause it's backbone is incomplete

Warning: Residue "A 430 " will be ignored beacause it's backbone is incomplete

Warning: Residue "A 441 " will be ignored beacause it's backbone is incomplete

Warning: Residue "A 450 " will be ignored beacause it's backbone is incomplete

Warning: Residue "A 452 " will be ignored beacause it's backbone is incomplete

Warning: Residue "A 458 " will be ignored beacause it's backbone is incomplete

Warning: Residue "A 465 " will be ignored beacause it's backbone is incomplete

Residue A 505  is being treated as C-terminal

<Timing tag = "Adding_residues"  duration = "0.000" />


Error: Sequence file is invalid because there were malformed residues in the input backbone.
Assertion of "pdbInput.InputResIdSeq.size() == residues_count" faild.
file "Scwrl4_Exe.cpp" line 272
<Timing tag = "Scwrl4_Execution"  duration = "0.000" />

