
Using parameters from /home/garmstrong/github/medbio-challenge/src/scwrl//Scwrl4.ini

<Timing tag = "Loading_PDB_file"  duration = "0.000" />

Using rotamer library: /home/garmstrong/github/medbio-challenge/src/scwrl/bbDepRotLib.bin

Residue A   1  is being treated as N-terminal

<Timing tag = "Adding_residues"  duration = "0.000" />

Sequence file has been loaded
---------------
"MLIDPIELYRYPEKWIKDRDAEKKVRSGLYILTEDGYLR"
---------------

<Timing tag = "Building_Atoms_Sets"  duration = "0.000" />

<Timing tag = "Building_Flexible_Subrotamers"  duration = "0.000" />

<Timing tag = "Computing_Symmetry_Operators"  duration = "0.000" />

<Timing tag = "Updating_Self_Energies"  duration = "0.010" />

<Timing tag = "Computing_Active_Rotamers"  duration = "0.000" />

<Timing tag = "Resolving_Disulfide_Bonds"  duration = "0.000" />


Total number of subrotamer interactions = 562389

<Timing tag = "Updating_Pairwise_Energies"  duration = "0.240" />

<Timing tag = "Normalizing_Atoms_Sets"  duration = "0.000" />

<Timing tag = "Computing_Interaction_Graph"  duration = "0.250" />
 

<Timing tag = "Building_Atoms_Sets"  duration = "0.000" />

<Timing tag = "Building_Flexible_Subrotamers"  duration = "0.000" />

<Timing tag = "Computing_Symmetry_Operators"  duration = "0.000" />

<Timing tag = "Updating_Self_Energies"  duration = "0.010" />

<Timing tag = "Computing_Active_Rotamers"  duration = "0.000" />

<Timing tag = "Resolving_Disulfide_Bonds"  duration = "0.000" />


Total number of subrotamer interactions = 0

<Timing tag = "Updating_Pairwise_Energies"  duration = "0.000" />

<Timing tag = "Normalizing_Atoms_Sets"  duration = "0.000" />


Running Goldstein's DEE (version G)
:::::::::::::::::::::::::::::::::::

Initial number of residues - 35
Initial number of rotamers - 506

	100 redundant edges eliminated

	Isolated residues removed - 0 

round 1:
	10 redundant edges eliminated

	Isolated residues removed - 16 
	Rotamers eliminated  -  388

round 2:
	4 redundant edges eliminated

	Isolated residues removed - 7 
	Rotamers eliminated  -  42

round 3:
	0 redundant edges eliminated

	Isolated residues removed - 4 
	Rotamers eliminated  -  19

round 4:
	0 redundant edges eliminated

	Isolated residues removed - 2 
	Rotamers eliminated  -  16

round 5:
	0 redundant edges eliminated

	Isolated residues removed - 0 
	Rotamers eliminated  -  1

round 6:
	0 redundant edges eliminated

	Isolated residues removed - 0 
	Rotamers eliminated  -  1

round 7:
	0 redundant edges eliminated

	Isolated residues removed - 0 
	Rotamers eliminated  -  0
Energy accumulated during DEE = 62.7611
<Timing tag = "DEE"  duration = "0.000" />

Searching for clusters... 2 clusters found

Processing cluster of 4 vertices

Redundant nodes eliminated : 2
Tree-decomposition has been built. Width+1 = 2

Total combinations to search = 1.43e+3
   1        :   ->   10   1   3
   0(   1 ) :   10   1  ->   13

ArtPts =  0	MaxDegree =  1	MaxBag =  2	AvgBag = 3

===============================
Launching bottom-to-top process
Combinations:
	in intersections - 1.3e+02
	in exclusions   -  83.2
	total to search  - 1e+03

Maximal size of a key is 130 elements

Processing nodes .
<Timing tag = "Bottom_To_Top"  duration = "0.000" />

<Trace tag = "Deciding_on_the_root_node" >

Number of combinations = 3.9e+2
<Timing tag = "Deciding_on_the_root_node"  duration = "0.000" />
</Trace>
<Trace tag = "Top_To_Bottom" >

<Timing tag = "Top_To_Bottom"  duration = "0.000" />
</Trace>
Energy of this cluster = 14.0249


Processing cluster of 2 vertices

Redundant nodes eliminated : 1
Tree-decomposition has been built. Width+1 = 1

Total combinations to search = 6
   0        :   ->   24  21

ArtPts =  0	MaxDegree =  0	MaxBag =  1	AvgBag = 2

<Trace tag = "Deciding_on_the_root_node" >

Number of combinations = 6
<Timing tag = "Deciding_on_the_root_node"  duration = "0.000" />
</Trace>
<Trace tag = "Top_To_Bottom" >

<Timing tag = "Top_To_Bottom"  duration = "0.000" />
</Trace>
Energy of this cluster = 9.6426


Total minimal energy of the graph = 86.4286

<Timing tag = "Combinatorial_Search"  duration = "0.000" />

<Timing tag = "Deriving_Optimum"  duration = "0.010" />

<Timing tag = "Saving_to_PDB_file"  duration = "0.000" />


Deleting workspace.

<Timing tag = "Scwrl4_Execution"  duration = "0.270" />

