
Using parameters from /home/garmstrong/github/medbio-challenge/src/scwrl//Scwrl4.ini

<Timing tag = "Loading_PDB_file"  duration = "0.000" />

Using rotamer library: /home/garmstrong/github/medbio-challenge/src/scwrl/bbDepRotLib.bin

<Timing tag = "Adding_residues"  duration = "0.000" />

Sequence file has been loaded
---------------
"GHPVACKTNLKVRLRQASYVRLPSPW"
---------------

<Timing tag = "Building_Atoms_Sets"  duration = "0.000" />

<Timing tag = "Building_Flexible_Subrotamers"  duration = "0.000" />

<Timing tag = "Computing_Symmetry_Operators"  duration = "0.000" />

<Timing tag = "Updating_Self_Energies"  duration = "0.000" />

<Timing tag = "Computing_Active_Rotamers"  duration = "0.000" />

<Timing tag = "Resolving_Disulfide_Bonds"  duration = "0.000" />


Total number of subrotamer interactions = 229429

<Timing tag = "Updating_Pairwise_Energies"  duration = "0.100" />

<Timing tag = "Normalizing_Atoms_Sets"  duration = "0.000" />

<Timing tag = "Computing_Interaction_Graph"  duration = "0.100" />
 

<Timing tag = "Building_Atoms_Sets"  duration = "0.000" />

<Timing tag = "Building_Flexible_Subrotamers"  duration = "0.000" />

<Timing tag = "Computing_Symmetry_Operators"  duration = "0.000" />

<Timing tag = "Updating_Self_Energies"  duration = "0.000" />

<Timing tag = "Computing_Active_Rotamers"  duration = "0.000" />

<Timing tag = "Resolving_Disulfide_Bonds"  duration = "0.000" />


Total number of subrotamer interactions = 0

<Timing tag = "Updating_Pairwise_Energies"  duration = "0.000" />

<Timing tag = "Normalizing_Atoms_Sets"  duration = "0.000" />


Running Goldstein's DEE (version G)
:::::::::::::::::::::::::::::::::::

Initial number of residues - 22
Initial number of rotamers - 336

	35 redundant edges eliminated

	Isolated residues removed - 0 

round 1:
	0 redundant edges eliminated

	Isolated residues removed - 20 
	Rotamers eliminated  -  330

round 2:
	0 redundant edges eliminated

	Isolated residues removed - 2 
	Rotamers eliminated  -  6

round 3:
	0 redundant edges eliminated

	Isolated residues removed - 0 
	Rotamers eliminated  -  0
Energy accumulated during DEE = 41.6738
<Timing tag = "DEE"  duration = "0.000" />

Searching for clusters... 0 clusters found

Total minimal energy of the graph = 41.6738

<Timing tag = "Combinatorial_Search"  duration = "0.000" />

<Timing tag = "Deriving_Optimum"  duration = "0.000" />

<Timing tag = "Saving_to_PDB_file"  duration = "0.000" />


Deleting workspace.

<Timing tag = "Scwrl4_Execution"  duration = "0.110" />

