
Using parameters from /home/garmstrong/github/medbio-challenge/src/scwrl//Scwrl4.ini

<Timing tag = "Loading_PDB_file"  duration = "0.000" />

Using rotamer library: /home/garmstrong/github/medbio-challenge/src/scwrl/bbDepRotLib.bin

<Timing tag = "Adding_residues"  duration = "0.000" />

Sequence file has been loaded
---------------
"GSSFLDPKGRGGSTGYDNAVALPAGGRGDEEELQKENNK"
---------------

<Timing tag = "Building_Atoms_Sets"  duration = "0.000" />

<Timing tag = "Building_Flexible_Subrotamers"  duration = "0.000" />

<Timing tag = "Computing_Symmetry_Operators"  duration = "0.000" />

<Timing tag = "Updating_Self_Energies"  duration = "0.010" />

<Timing tag = "Computing_Active_Rotamers"  duration = "0.000" />

<Timing tag = "Resolving_Disulfide_Bonds"  duration = "0.000" />


Total number of subrotamer interactions = 499087

<Timing tag = "Updating_Pairwise_Energies"  duration = "0.200" />

<Timing tag = "Normalizing_Atoms_Sets"  duration = "0.000" />

<Timing tag = "Computing_Interaction_Graph"  duration = "0.210" />
 

<Timing tag = "Building_Atoms_Sets"  duration = "0.000" />

<Timing tag = "Building_Flexible_Subrotamers"  duration = "0.000" />

<Timing tag = "Computing_Symmetry_Operators"  duration = "0.000" />

<Timing tag = "Updating_Self_Energies"  duration = "0.000" />

<Timing tag = "Computing_Active_Rotamers"  duration = "0.000" />

<Timing tag = "Resolving_Disulfide_Bonds"  duration = "0.000" />


Total number of subrotamer interactions = 0

<Timing tag = "Updating_Pairwise_Energies"  duration = "0.000" />

<Timing tag = "Normalizing_Atoms_Sets"  duration = "0.000" />


Running Goldstein's DEE (version G)
:::::::::::::::::::::::::::::::::::

Initial number of residues - 28
Initial number of rotamers - 436

	56 redundant edges eliminated

	Isolated residues removed - 0 

round 1:
	9 redundant edges eliminated

	Isolated residues removed - 17 
	Rotamers eliminated  -  356

round 2:
	2 redundant edges eliminated

	Isolated residues removed - 2 
	Rotamers eliminated  -  40

round 3:
	0 redundant edges eliminated

	Isolated residues removed - 0 
	Rotamers eliminated  -  11

round 4:
	0 redundant edges eliminated

	Isolated residues removed - 0 
	Rotamers eliminated  -  0
Energy accumulated during DEE = 46.6147
<Timing tag = "DEE"  duration = "0.000" />

Searching for clusters... 1 clusters found

Processing cluster of 9 vertices

Redundant nodes eliminated : 3
Tree-decomposition has been built. Width+1 = 2

Total combinations to search = 1.02e+2
   5(   4 ) :    8  ->   26
   4        :   ->    8  25   7
   3(   5 ) :   26  ->   19  13
   2(   5 ) :    8  ->    5
   1(   2 ) :    5  ->   28
   0(   3 ) :   19  ->   23

ArtPts =  0	MaxDegree =  3	MaxBag =  2	AvgBag = 2.33333

===============================
Launching bottom-to-top process
Combinations:
	in intersections -  17
	in exclusions   -  283.2
	total to search  -  94

Maximal size of a key is 7 elements

Processing nodes .....
<Timing tag = "Bottom_To_Top"  duration = "0.000" />

<Trace tag = "Deciding_on_the_root_node" >

Number of combinations = 8
<Timing tag = "Deciding_on_the_root_node"  duration = "0.000" />
</Trace>
<Trace tag = "Top_To_Bottom" >

<Timing tag = "Top_To_Bottom"  duration = "0.000" />
</Trace>
Energy of this cluster = 30.1011


Total minimal energy of the graph = 76.7158

<Timing tag = "Combinatorial_Search"  duration = "0.000" />

<Timing tag = "Deriving_Optimum"  duration = "0.000" />

<Timing tag = "Saving_to_PDB_file"  duration = "0.000" />


Deleting workspace.

<Timing tag = "Scwrl4_Execution"  duration = "0.220" />

