
Using parameters from /home/garmstrong/github/medbio-challenge/src/scwrl//Scwrl4.ini

<Timing tag = "Loading_PDB_file"  duration = "0.000" />

Using rotamer library: /home/garmstrong/github/medbio-challenge/src/scwrl/bbDepRotLib.bin

<Timing tag = "Adding_residues"  duration = "0.000" />

Warning! Length of the provided sequence exceeds the number of residues!
Sequence will be truncated!

Sequence file has been loaded
---------------
"RTLGVIAKIQDWSSYLAQIGAMLAEVDQ"
---------------

<Timing tag = "Building_Atoms_Sets"  duration = "0.010" />

<Timing tag = "Building_Flexible_Subrotamers"  duration = "0.000" />

<Timing tag = "Computing_Symmetry_Operators"  duration = "0.000" />

<Timing tag = "Updating_Self_Energies"  duration = "0.000" />

<Timing tag = "Computing_Active_Rotamers"  duration = "0.000" />

<Timing tag = "Resolving_Disulfide_Bonds"  duration = "0.000" />


Total number of subrotamer interactions = 231489

<Timing tag = "Updating_Pairwise_Energies"  duration = "0.110" />

<Timing tag = "Normalizing_Atoms_Sets"  duration = "0.000" />

<Timing tag = "Computing_Interaction_Graph"  duration = "0.120" />
 

<Timing tag = "Building_Atoms_Sets"  duration = "0.000" />

<Timing tag = "Building_Flexible_Subrotamers"  duration = "0.000" />

<Timing tag = "Computing_Symmetry_Operators"  duration = "0.000" />

<Timing tag = "Updating_Self_Energies"  duration = "0.000" />

<Timing tag = "Computing_Active_Rotamers"  duration = "0.000" />

<Timing tag = "Resolving_Disulfide_Bonds"  duration = "0.000" />


Total number of subrotamer interactions = 0

<Timing tag = "Updating_Pairwise_Energies"  duration = "0.000" />

<Timing tag = "Normalizing_Atoms_Sets"  duration = "0.000" />


Running Goldstein's DEE (version G)
:::::::::::::::::::::::::::::::::::

Initial number of residues - 22
Initial number of rotamers - 283

	18 redundant edges eliminated

	Isolated residues removed - 2 

round 1:
	6 redundant edges eliminated

	Isolated residues removed - 10 
	Rotamers eliminated  -  247

round 2:
	0 redundant edges eliminated

	Isolated residues removed - 6 
	Rotamers eliminated  -  17

round 3:
	0 redundant edges eliminated

	Isolated residues removed - 0 
	Rotamers eliminated  -  0
Energy accumulated during DEE = 46.2491
<Timing tag = "DEE"  duration = "0.000" />

Searching for clusters... 1 clusters found

Processing cluster of 4 vertices

Redundant nodes eliminated : 2
Tree-decomposition has been built. Width+1 = 2

Total combinations to search = 2.4e+1
   1        :   ->   10  13  14
   0(   1 ) :   13  ->   16

ArtPts =  0	MaxDegree =  1	MaxBag =  2	AvgBag = 2.5

===============================
Launching bottom-to-top process
Combinations:
	in intersections -   3
	in exclusions   -  23.2
	total to search  -   6

Maximal size of a key is 3 elements

Processing nodes .
<Timing tag = "Bottom_To_Top"  duration = "0.000" />

<Trace tag = "Deciding_on_the_root_node" >

Number of combinations = 1.8e+1
<Timing tag = "Deciding_on_the_root_node"  duration = "0.000" />
</Trace>
<Trace tag = "Top_To_Bottom" >

<Timing tag = "Top_To_Bottom"  duration = "0.000" />
</Trace>
Energy of this cluster = 9.1642


Total minimal energy of the graph = 55.4133

<Timing tag = "Combinatorial_Search"  duration = "0.000" />

<Timing tag = "Deriving_Optimum"  duration = "0.000" />

<Timing tag = "Saving_to_PDB_file"  duration = "0.000" />


Deleting workspace.

<Timing tag = "Scwrl4_Execution"  duration = "0.120" />

