
Using parameters from /home/garmstrong/github/medbio-challenge/src/scwrl//Scwrl4.ini

<Timing tag = "Loading_PDB_file"  duration = "0.000" />

Using rotamer library: /home/garmstrong/github/medbio-challenge/src/scwrl/bbDepRotLib.bin

<Timing tag = "Adding_residues"  duration = "0.000" />

Sequence file has been loaded
---------------
"GNSRGRARERQKKRAYGHQKGAGSRKGKAGARQ"
---------------

<Timing tag = "Building_Atoms_Sets"  duration = "0.000" />

<Timing tag = "Building_Flexible_Subrotamers"  duration = "0.000" />

<Timing tag = "Computing_Symmetry_Operators"  duration = "0.000" />

<Timing tag = "Updating_Self_Energies"  duration = "0.030" />

<Timing tag = "Computing_Active_Rotamers"  duration = "0.000" />

<Timing tag = "Resolving_Disulfide_Bonds"  duration = "0.000" />


Total number of subrotamer interactions = 1181751

<Timing tag = "Updating_Pairwise_Energies"  duration = "0.700" />

<Timing tag = "Normalizing_Atoms_Sets"  duration = "0.000" />

<Timing tag = "Computing_Interaction_Graph"  duration = "0.730" />
 

<Timing tag = "Building_Atoms_Sets"  duration = "0.000" />

<Timing tag = "Building_Flexible_Subrotamers"  duration = "0.000" />

<Timing tag = "Computing_Symmetry_Operators"  duration = "0.000" />

<Timing tag = "Updating_Self_Energies"  duration = "0.000" />

<Timing tag = "Computing_Active_Rotamers"  duration = "0.000" />

<Timing tag = "Resolving_Disulfide_Bonds"  duration = "0.000" />


Total number of subrotamer interactions = 0

<Timing tag = "Updating_Pairwise_Energies"  duration = "0.000" />

<Timing tag = "Normalizing_Atoms_Sets"  duration = "0.000" />


Running Goldstein's DEE (version G)
:::::::::::::::::::::::::::::::::::

Initial number of residues - 21
Initial number of rotamers - 562

	47 redundant edges eliminated

	Isolated residues removed - 1 

round 1:
	7 redundant edges eliminated

	Isolated residues removed - 8 
	Rotamers eliminated  -  466

round 2:
	2 redundant edges eliminated

	Isolated residues removed - 2 
	Rotamers eliminated  -  29

round 3:
	0 redundant edges eliminated

	Isolated residues removed - 2 
	Rotamers eliminated  -  5

round 4:
	0 redundant edges eliminated

	Isolated residues removed - 2 
	Rotamers eliminated  -  7

round 5:
	0 redundant edges eliminated

	Isolated residues removed - 0 
	Rotamers eliminated  -  2

round 6:
	0 redundant edges eliminated

	Isolated residues removed - 0 
	Rotamers eliminated  -  0
Energy accumulated during DEE = 46.6189
<Timing tag = "DEE"  duration = "0.010" />

Searching for clusters... 2 clusters found

Processing cluster of 3 vertices

Redundant nodes eliminated : 1
Tree-decomposition has been built. Width+1 = 1

Total combinations to search = 7e+1
   1        :   ->   20  21
   0(   1 ) :   20  ->   17

ArtPts =  0	MaxDegree =  1	MaxBag =  1	AvgBag = 2

===============================
Launching bottom-to-top process
Combinations:
	in intersections -   7
	in exclusions   -  83.2
	total to search  -  56

Maximal size of a key is 7 elements

Processing nodes .
<Timing tag = "Bottom_To_Top"  duration = "0.000" />

<Trace tag = "Deciding_on_the_root_node" >

Number of combinations = 1.4e+1
<Timing tag = "Deciding_on_the_root_node"  duration = "0.000" />
</Trace>
<Trace tag = "Top_To_Bottom" >

<Timing tag = "Top_To_Bottom"  duration = "0.000" />
</Trace>
Energy of this cluster = 13.3272


Processing cluster of 3 vertices

Redundant nodes eliminated : 2
Tree-decomposition has been built. Width+1 = 2

Total combinations to search = 8
   0        :   ->    9   6   5

ArtPts =  0	MaxDegree =  0	MaxBag =  2	AvgBag = 3

<Trace tag = "Deciding_on_the_root_node" >

Number of combinations = 8
<Timing tag = "Deciding_on_the_root_node"  duration = "0.000" />
</Trace>
<Trace tag = "Top_To_Bottom" >

<Timing tag = "Top_To_Bottom"  duration = "0.000" />
</Trace>
Energy of this cluster = 12.5065


Total minimal energy of the graph = 72.4527

<Timing tag = "Combinatorial_Search"  duration = "0.010" />

<Timing tag = "Deriving_Optimum"  duration = "0.010" />

<Timing tag = "Saving_to_PDB_file"  duration = "0.000" />


Deleting workspace.

<Timing tag = "Scwrl4_Execution"  duration = "0.740" />

