
Using parameters from /home/garmstrong/github/medbio-challenge/src/scwrl//Scwrl4.ini

<Timing tag = "Loading_PDB_file"  duration = "0.000" />

Using rotamer library: /home/garmstrong/github/medbio-challenge/src/scwrl/bbDepRotLib.bin

<Timing tag = "Adding_residues"  duration = "0.000" />

Warning! Length of the provided sequence exceeds the number of residues!
Sequence will be truncated!

Warning! Length of the provided sequence exceeds the number of residues!
Sequence will be truncated!

Warning! Length of the provided sequence exceeds the number of residues!
Sequence will be truncated!

Warning! Length of the provided sequence exceeds the number of residues!
Sequence will be truncated!

Warning! Length of the provided sequence exceeds the number of residues!
Sequence will be truncated!

Warning! Length of the provided sequence exceeds the number of residues!
Sequence will be truncated!

Warning! Length of the provided sequence exceeds the number of residues!
Sequence will be truncated!

Warning! Length of the provided sequence exceeds the number of residues!
Sequence will be truncated!

Warning! Length of the provided sequence exceeds the number of residues!
Sequence will be truncated!

Warning! Length of the provided sequence exceeds the number of residues!
Sequence will be truncated!

Sequence file has been loaded
---------------
"TLGAVVKAVNERADLNIKMESLNGKKLKHMIPEHEGLVM"
---------------

<Timing tag = "Building_Atoms_Sets"  duration = "0.000" />

<Timing tag = "Building_Flexible_Subrotamers"  duration = "0.000" />

<Timing tag = "Computing_Symmetry_Operators"  duration = "0.000" />

<Timing tag = "Updating_Self_Energies"  duration = "0.010" />

<Timing tag = "Computing_Active_Rotamers"  duration = "0.000" />

<Timing tag = "Resolving_Disulfide_Bonds"  duration = "0.000" />


Total number of subrotamer interactions = 350158

<Timing tag = "Updating_Pairwise_Energies"  duration = "0.160" />

<Timing tag = "Normalizing_Atoms_Sets"  duration = "0.000" />

<Timing tag = "Computing_Interaction_Graph"  duration = "0.170" />
 

<Timing tag = "Building_Atoms_Sets"  duration = "0.000" />

<Timing tag = "Building_Flexible_Subrotamers"  duration = "0.000" />

<Timing tag = "Computing_Symmetry_Operators"  duration = "0.000" />

<Timing tag = "Updating_Self_Energies"  duration = "0.000" />

<Timing tag = "Computing_Active_Rotamers"  duration = "0.000" />

<Timing tag = "Resolving_Disulfide_Bonds"  duration = "0.000" />


Total number of subrotamer interactions = 0

<Timing tag = "Updating_Pairwise_Energies"  duration = "0.000" />

<Timing tag = "Normalizing_Atoms_Sets"  duration = "0.000" />


Running Goldstein's DEE (version G)
:::::::::::::::::::::::::::::::::::

Initial number of residues - 32
Initial number of rotamers - 452

	58 redundant edges eliminated

	Isolated residues removed - 2 

round 1:
	2 redundant edges eliminated

	Isolated residues removed - 17 
	Rotamers eliminated  -  351

round 2:
	2 redundant edges eliminated

	Isolated residues removed - 6 
	Rotamers eliminated  -  27

round 3:
	1 redundant edges eliminated

	Isolated residues removed - 1 
	Rotamers eliminated  -  23

round 4:
	0 redundant edges eliminated

	Isolated residues removed - 0 
	Rotamers eliminated  -  0
Energy accumulated during DEE = 97.583
<Timing tag = "DEE"  duration = "0.000" />

Searching for clusters... 2 clusters found

Processing cluster of 4 vertices

Redundant nodes eliminated : 1
Tree-decomposition has been built. Width+1 = 1

Total combinations to search = 5.3e+1
   2        :   ->    8  22
   1(   2 ) :   22  ->   24
   0(   2 ) :    8  ->    7

ArtPts =  0	MaxDegree =  2	MaxBag =  1	AvgBag = 2

===============================
Launching bottom-to-top process
Combinations:
	in intersections -   9
	in exclusions   -  73.2
	total to search  -  33

Maximal size of a key is 5 elements

Processing nodes ..
<Timing tag = "Bottom_To_Top"  duration = "0.000" />

<Trace tag = "Deciding_on_the_root_node" >

Number of combinations = 2e+1
<Timing tag = "Deciding_on_the_root_node"  duration = "0.000" />
</Trace>
<Trace tag = "Top_To_Bottom" >

<Timing tag = "Top_To_Bottom"  duration = "0.000" />
</Trace>
Energy of this cluster = 14.0203


Processing cluster of 2 vertices

Redundant nodes eliminated : 1
Tree-decomposition has been built. Width+1 = 1

Total combinations to search = 1.5e+1
   0        :   ->   16  20

ArtPts =  0	MaxDegree =  0	MaxBag =  1	AvgBag = 2

<Trace tag = "Deciding_on_the_root_node" >

Number of combinations = 1.5e+1
<Timing tag = "Deciding_on_the_root_node"  duration = "0.000" />
</Trace>
<Trace tag = "Top_To_Bottom" >

<Timing tag = "Top_To_Bottom"  duration = "0.000" />
</Trace>
Energy of this cluster = 9.42147


Total minimal energy of the graph = 121.025

<Timing tag = "Combinatorial_Search"  duration = "0.000" />

<Timing tag = "Deriving_Optimum"  duration = "0.000" />

<Timing tag = "Saving_to_PDB_file"  duration = "0.000" />


Deleting workspace.

<Timing tag = "Scwrl4_Execution"  duration = "0.180" />

