
Using parameters from /home/garmstrong/github/medbio-challenge/src/scwrl//Scwrl4.ini

<Timing tag = "Loading_PDB_file"  duration = "0.000" />

Using rotamer library: /home/garmstrong/github/medbio-challenge/src/scwrl/bbDepRotLib.bin

<Timing tag = "Adding_residues"  duration = "0.000" />

Sequence file has been loaded
---------------
"YPASAFINTKRAVNKPFIHLLEQTRDASKAVHKAAFQAR"
---------------

<Timing tag = "Building_Atoms_Sets"  duration = "0.000" />

<Timing tag = "Building_Flexible_Subrotamers"  duration = "0.010" />

<Timing tag = "Computing_Symmetry_Operators"  duration = "0.000" />

<Timing tag = "Updating_Self_Energies"  duration = "0.010" />

<Timing tag = "Computing_Active_Rotamers"  duration = "0.000" />

<Timing tag = "Resolving_Disulfide_Bonds"  duration = "0.000" />


Total number of subrotamer interactions = 531088

<Timing tag = "Updating_Pairwise_Energies"  duration = "0.380" />

<Timing tag = "Normalizing_Atoms_Sets"  duration = "0.000" />

<Timing tag = "Computing_Interaction_Graph"  duration = "0.400" />
 

<Timing tag = "Building_Atoms_Sets"  duration = "0.000" />

<Timing tag = "Building_Flexible_Subrotamers"  duration = "0.010" />

<Timing tag = "Computing_Symmetry_Operators"  duration = "0.000" />

<Timing tag = "Updating_Self_Energies"  duration = "0.000" />

<Timing tag = "Computing_Active_Rotamers"  duration = "0.000" />

<Timing tag = "Resolving_Disulfide_Bonds"  duration = "0.000" />


Total number of subrotamer interactions = 0

<Timing tag = "Updating_Pairwise_Energies"  duration = "0.000" />

<Timing tag = "Normalizing_Atoms_Sets"  duration = "0.000" />


Running Goldstein's DEE (version G)
:::::::::::::::::::::::::::::::::::

Initial number of residues - 31
Initial number of rotamers - 510

	44 redundant edges eliminated

	Isolated residues removed - 1 

round 1:
	2 redundant edges eliminated

	Isolated residues removed - 24 
	Rotamers eliminated  -  465

round 2:
	1 redundant edges eliminated

	Isolated residues removed - 4 
	Rotamers eliminated  -  29

round 3:
	0 redundant edges eliminated

	Isolated residues removed - 0 
	Rotamers eliminated  -  1

round 4:
	0 redundant edges eliminated

	Isolated residues removed - 0 
	Rotamers eliminated  -  0
Energy accumulated during DEE = 62.9352
<Timing tag = "DEE"  duration = "0.000" />

Searching for clusters... 1 clusters found

Processing cluster of 2 vertices

Redundant nodes eliminated : 1
Tree-decomposition has been built. Width+1 = 1

Total combinations to search = 8
   0        :   ->   19  22

ArtPts =  0	MaxDegree =  0	MaxBag =  1	AvgBag = 2

<Trace tag = "Deciding_on_the_root_node" >

Number of combinations = 8
<Timing tag = "Deciding_on_the_root_node"  duration = "0.000" />
</Trace>
<Trace tag = "Top_To_Bottom" >

<Timing tag = "Top_To_Bottom"  duration = "0.000" />
</Trace>
Energy of this cluster = 1.02946


Total minimal energy of the graph = 63.9647

<Timing tag = "Combinatorial_Search"  duration = "0.000" />

<Timing tag = "Deriving_Optimum"  duration = "0.010" />

<Timing tag = "Saving_to_PDB_file"  duration = "0.000" />


Deleting workspace.

<Timing tag = "Scwrl4_Execution"  duration = "0.430" />

