
Using parameters from /home/garmstrong/github/medbio-challenge/src/scwrl//Scwrl4.ini

<Timing tag = "Loading_PDB_file"  duration = "0.000" />

Using rotamer library: /home/garmstrong/github/medbio-challenge/src/scwrl/bbDepRotLib.bin

<Timing tag = "Adding_residues"  duration = "0.000" />

Sequence file has been loaded
---------------
"EVTYKGKSFEVDEDGFLLRFDDWCPEWVEYVKESEGISD"
---------------

<Timing tag = "Building_Atoms_Sets"  duration = "0.000" />

<Timing tag = "Building_Flexible_Subrotamers"  duration = "0.000" />

<Timing tag = "Computing_Symmetry_Operators"  duration = "0.000" />

<Timing tag = "Updating_Self_Energies"  duration = "0.010" />

<Timing tag = "Computing_Active_Rotamers"  duration = "0.000" />

<Timing tag = "Resolving_Disulfide_Bonds"  duration = "0.000" />


Total number of subrotamer interactions = 498452

<Timing tag = "Updating_Pairwise_Energies"  duration = "0.220" />

<Timing tag = "Normalizing_Atoms_Sets"  duration = "0.000" />

<Timing tag = "Computing_Interaction_Graph"  duration = "0.230" />
 

<Timing tag = "Building_Atoms_Sets"  duration = "0.000" />

<Timing tag = "Building_Flexible_Subrotamers"  duration = "0.000" />

<Timing tag = "Computing_Symmetry_Operators"  duration = "0.000" />

<Timing tag = "Updating_Self_Energies"  duration = "0.000" />

<Timing tag = "Computing_Active_Rotamers"  duration = "0.000" />

<Timing tag = "Resolving_Disulfide_Bonds"  duration = "0.000" />


Total number of subrotamer interactions = 0

<Timing tag = "Updating_Pairwise_Energies"  duration = "0.000" />

<Timing tag = "Normalizing_Atoms_Sets"  duration = "0.000" />


Running Goldstein's DEE (version G)
:::::::::::::::::::::::::::::::::::

Initial number of residues - 35
Initial number of rotamers - 464

	98 redundant edges eliminated

	Isolated residues removed - 2 

round 1:
	6 redundant edges eliminated

	Isolated residues removed - 10 
	Rotamers eliminated  -  305

round 2:
	8 redundant edges eliminated

	Isolated residues removed - 9 
	Rotamers eliminated  -  72

round 3:
	0 redundant edges eliminated

	Isolated residues removed - 1 
	Rotamers eliminated  -  6

round 4:
	0 redundant edges eliminated

	Isolated residues removed - 1 
	Rotamers eliminated  -  3

round 5:
	0 redundant edges eliminated

	Isolated residues removed - 0 
	Rotamers eliminated  -  0
Energy accumulated during DEE = 56.1158
<Timing tag = "DEE"  duration = "0.000" />

Searching for clusters... 2 clusters found

Processing cluster of 10 vertices

Redundant nodes eliminated : 4
Tree-decomposition has been built. Width+1 = 3

Total combinations to search = 3.6e+3
   5(   4 ) :    6  24  21  ->   23
   4        :   ->   24   6   8  21
   3(   4 ) :    8  24  ->   20  14
   2(   5 ) :   23  ->    5
   1(   3 ) :   20  ->   17
   0(   2 ) :   23  ->    4

ArtPts =  0	MaxDegree =  2	MaxBag =  3	AvgBag = 3

===============================
Launching bottom-to-top process
Combinations:
	in intersections - 2.2e+02
	in exclusions   -  403.2
	total to search  - 2.6e+03

Maximal size of a key is 128 elements

Processing nodes .....
<Timing tag = "Bottom_To_Top"  duration = "0.000" />

<Trace tag = "Deciding_on_the_root_node" >

Number of combinations = 1.024e+3
<Timing tag = "Deciding_on_the_root_node"  duration = "0.000" />
</Trace>
<Trace tag = "Top_To_Bottom" >

<Timing tag = "Top_To_Bottom"  duration = "0.000" />
</Trace>
Energy of this cluster = 28.9956


Processing cluster of 2 vertices

Redundant nodes eliminated : 1
Tree-decomposition has been built. Width+1 = 1

Total combinations to search = 6
   0        :   ->   34  30

ArtPts =  0	MaxDegree =  0	MaxBag =  1	AvgBag = 2

<Trace tag = "Deciding_on_the_root_node" >

Number of combinations = 6
<Timing tag = "Deciding_on_the_root_node"  duration = "0.000" />
</Trace>
<Trace tag = "Top_To_Bottom" >

<Timing tag = "Top_To_Bottom"  duration = "0.000" />
</Trace>
Energy of this cluster = 8.36599


Total minimal energy of the graph = 93.4774

<Timing tag = "Combinatorial_Search"  duration = "0.000" />

<Timing tag = "Deriving_Optimum"  duration = "0.000" />

<Timing tag = "Saving_to_PDB_file"  duration = "0.000" />


Deleting workspace.

<Timing tag = "Scwrl4_Execution"  duration = "0.240" />

